  Graphics.cpp
c:\users\dolors\desktop\platilla_3projects\cluedo_ramon_sergi\gameclient\graphics.h(31): warning C4244: '=': conversión de 'int' a 'T'; posible pérdida de datos
          with
          [
              T=float
          ]
c:\users\dolors\desktop\platilla_3projects\cluedo_ramon_sergi\gameclient\graphics.h(32): warning C4244: '=': conversión de 'int' a 'T'; posible pérdida de datos
          with
          [
              T=float
          ]
c:\users\dolors\desktop\platilla_3projects\cluedo_ramon_sergi\gameclient\graphics.h(33): warning C4244: '=': conversión de 'int' a 'T'; posible pérdida de datos
          with
          [
              T=float
          ]
c:\users\dolors\desktop\platilla_3projects\cluedo_ramon_sergi\gameclient\graphics.h(34): warning C4244: '=': conversión de 'int' a 'T'; posible pérdida de datos
          with
          [
              T=float
          ]
c:\users\dolors\desktop\platilla_3projects\cluedo_ramon_sergi\gameclient\graphics.h(42): warning C4244: 'inicializando': conversión de 'T' a 'int'; posible pérdida de datos
          with
          [
              T=float
          ]
c:\users\dolors\desktop\platilla_3projects\cluedo_ramon_sergi\gameclient\graphics.h(42): warning C4244: '=': conversión de 'float' a 'int'; posible pérdida de datos
c:\users\dolors\desktop\platilla_3projects\cluedo_ramon_sergi\gameclient\graphics.h(44): warning C4244: 'inicializando': conversión de 'T' a 'int'; posible pérdida de datos
          with
          [
              T=float
          ]
c:\users\dolors\desktop\platilla_3projects\cluedo_ramon_sergi\gameclient\graphics.h(44): warning C4244: '=': conversión de 'float' a 'int'; posible pérdida de datos
c:\users\dolors\desktop\platilla_3projects\cluedo_ramon_sergi\gameclient\graphics.h(46): warning C4244: 'argumento': conversión de 'int' a 'T'; posible pérdida de datos
          with
          [
              T=float
          ]
  GameClient.vcxproj -> C:\Users\Dolors\Desktop\Platilla_3Projects\Cluedo_Ramon_Sergi\x64\Debug\GameClient.exe
